\BOOKMARK [1][-]{section.1}{Introduction au probl\350me}{}% 1
\BOOKMARK [2][-]{subsection.1.1}{Probl\350matique}{section.1}% 2
\BOOKMARK [2][-]{subsection.1.2}{Pourquoi ce sujet ?}{section.1}% 3
\BOOKMARK [2][-]{subsection.1.3}{Notre approche}{section.1}% 4
\BOOKMARK [1][-]{section.2}{Le B.A.-BA de l'algorithme MCTS}{}% 5
\BOOKMARK [2][-]{subsection.2.1}{Les bases du Monte Carlo Tree Search}{section.2}% 6
\BOOKMARK [3][-]{subsubsection.2.1.1}{D\351finition}{subsection.2.1}% 7
\BOOKMARK [3][-]{subsubsection.2.1.2}{D\351roulement de l'algorithme}{subsection.2.1}% 8
\BOOKMARK [3][-]{subsubsection.2.1.3}{Pseudo-code}{subsection.2.1}% 9
\BOOKMARK [2][-]{subsection.2.2}{Formule de s\351lection utilis\351e}{section.2}% 10
\BOOKMARK [2][-]{subsection.2.3}{Strat\351gies de s\351lection terminale}{section.2}% 11
\BOOKMARK [2][-]{subsection.2.4}{Application sur un exemple}{section.2}% 12
\BOOKMARK [1][-]{section.3}{Application dans un monde continue}{}% 13
\BOOKMARK [2][-]{subsection.3.1}{Abstrait}{section.3}% 14
\BOOKMARK [3][-]{subsubsection.3.1.1}{D\351finitions}{subsection.3.1}% 15
\BOOKMARK [3][-]{subsubsection.3.1.2}{Contexte}{subsection.3.1}% 16
\BOOKMARK [3][-]{subsubsection.3.1.3}{Premi\350re approche}{subsection.3.1}% 17
\BOOKMARK [0][-]{subsubsubsection.3.1.3.1}{Modification du MCTS discret}{}% 18
\BOOKMARK [1][-]{subsubsection.3.1.4}{Progressive widening}{subsubsubsection.3.1.3.1}% 19
\BOOKMARK [2][-]{subsubsection.3.1.5}{Double peogressive widening}{subsubsection.3.1.4}% 20
\BOOKMARK [2][-]{subsection.3.2}{Exp\351rimentations}{subsubsection.3.1.4}% 21
\BOOKMARK [3][-]{subsubsection.3.2.1}{MCTS discret dans un monde continu}{subsection.3.2}% 22
\BOOKMARK [3][-]{subsubsection.3.2.2}{Progressive widening}{subsection.3.2}% 23
\BOOKMARK [0][-]{subsubsubsection.3.2.2.1}{Sans ajout de bruit}{}% 24
\BOOKMARK [0][-]{subsubsubsection.3.2.2.2}{Avec ajout de bruit}{}% 25
\BOOKMARK [1][-]{subsubsection.3.2.3}{Double progressive widening}{subsubsubsection.3.2.2.2}% 26
\BOOKMARK [2][-]{subsection.3.3}{Conclusion}{subsubsection.3.2.3}% 27
